#
# There is insufficient memory for the Java Runtime Environment to continue.
# Native memory allocation (mmap) failed to map 134217728 bytes. Error detail: G1 virtual space
# Possible reasons:
#   The system is out of physical RAM or swap space
#   This process is running with CompressedOops enabled, and the Java Heap may be blocking the growth of the native heap
# Possible solutions:
#   Reduce memory load on the system
#   Increase physical memory or swap space
#   Check if swap backing store is full
#   Decrease Java heap size (-Xmx/-Xms)
#   Decrease number of Java threads
#   Decrease Java thread stack sizes (-Xss)
#   Set larger code cache with -XX:ReservedCodeCacheSize=
#   JVM is running with Unscaled Compressed Oops mode in which the Java heap is
#     placed in the first 4GB address space. The Java Heap base address is the
#     maximum limit for the native heap growth. Please use -XX:HeapBaseMinAddress
#     to set the Java Heap base and to place the Java Heap above 4GB virtual address.
# This output file may be truncated or incomplete.
#
#  Out of Memory Error (os_windows.cpp:3825), pid=14796, tid=24556
#
# JRE version:  (17.0.11+1) (build )
# Java VM: OpenJDK 64-Bit Server VM (17.0.11+1-b1207.24, mixed mode, sharing, tiered, compressed oops, compressed class ptrs, g1 gc, windows-amd64)
# No core dump will be written. Minidumps are not enabled by default on client versions of Windows
#

---------------  S U M M A R Y ------------

Command Line: -Dorg.sqlite.tmpdir=C:\Users\Datos\AppData\Local\JetBrains\IntelliJIdea2024.1\jdbc-native-deps\Xerial SQLiteJDBC\3.45.1\sqlite-jdbc-3.45.1.0\libs -Djava.rmi.server.hostname=127.0.0.1 -Duser.timezone=UTC -Xmx2048m -Xms128m -Djdbc.classpath=C:\Program Files\JetBrains\IntelliJ IDEA 2024.1.4\plugins\DatabaseTools\lib\jdbc-console.jar;C:\Users\Datos\AppData\Roaming\JetBrains\IntelliJIdea2024.1\jdbc-drivers\Xerial SQLiteJDBC\3.45.1\org\xerial\sqlite-jdbc\3.45.1.0\sqlite-jdbc-3.45.1.0.jar;C:\Users\Datos\AppData\Roaming\JetBrains\IntelliJIdea2024.1\jdbc-drivers\Xerial SQLiteJDBC\3.45.1\org\slf4j\slf4j-api\1.7.36\slf4j-api-1.7.36.jar --add-exports=java.desktop/sun.awt=ALL-UNNAMED --add-exports=java.desktop/java.awt.peer=ALL-UNNAMED --add-opens=java.desktop/java.awt=ALL-UNNAMED --add-opens=jdk.unsupported/sun.misc=ALL-UNNAMED --add-opens=java.base/java.nio=ALL-UNNAMED --add-opens=java.base/java.util=ALL-UNNAMED -Dfile.encoding=UTF-8 com.intellij.database.remote.RemoteJdbcServer org.sqlite.JDBC

Host: 13th Gen Intel(R) Core(TM) i7-13700, 24 cores, 15G,  Windows 11 , 64 bit Build 22621 (10.0.22621.3958)
Time: Tue Oct  1 11:41:17 2024 Hora est. Pacífico, Sudamérica elapsed time: 0.006495 seconds (0d 0h 0m 0s)

---------------  T H R E A D  ---------------

Current thread (0x000001dd3ebafc50):  JavaThread "Unknown thread" [_thread_in_vm, id=24556, stack(0x00000066ea000000,0x00000066ea100000)]

Stack: [0x00000066ea000000,0x00000066ea100000]
Native frames: (J=compiled Java code, j=interpreted, Vv=VM code, C=native code)
V  [jvm.dll+0x6877f9]
V  [jvm.dll+0x8411aa]
V  [jvm.dll+0x842e2e]
V  [jvm.dll+0x843493]
V  [jvm.dll+0x249fdf]
V  [jvm.dll+0x6845c9]
V  [jvm.dll+0x678e7a]
V  [jvm.dll+0x30ab4b]
V  [jvm.dll+0x311ff6]
V  [jvm.dll+0x361a5e]
V  [jvm.dll+0x361c8f]
V  [jvm.dll+0x2e0978]
V  [jvm.dll+0x2e18e4]
V  [jvm.dll+0x811c71]
V  [jvm.dll+0x36f7c8]
V  [jvm.dll+0x7f05f6]
V  [jvm.dll+0x3f398f]
V  [jvm.dll+0x3f5541]
C  [jli.dll+0x528f]
C  [ucrtbase.dll+0x29333]
C  [KERNEL32.DLL+0x1257d]
C  [ntdll.dll+0x5af28]


---------------  P R O C E S S  ---------------

Threads class SMR info:
_java_thread_list=0x00007ffb7eabefd8, length=0, elements={
}

Java Threads: ( => current thread )

Other Threads:
  0x000001dd3ec0dd90 GCTaskThread "GC Thread#0" [stack: 0x00000066ea100000,0x00000066ea200000] [id=18068]
  0x000001dd3ec1ebf0 ConcurrentGCThread "G1 Main Marker" [stack: 0x00000066ea200000,0x00000066ea300000] [id=32700]
  0x000001dd3ec1fcc0 ConcurrentGCThread "G1 Conc#0" [stack: 0x00000066ea300000,0x00000066ea400000] [id=16488]

[error occurred during error reporting (printing all threads), id 0xc0000005, EXCEPTION_ACCESS_VIOLATION (0xc0000005) at pc=0x00007ffb7e271547]

VM state: not at safepoint (not fully initialized)

VM Mutex/Monitor currently owned by a thread:  ([mutex/lock_event])
[0x000001dd3ebab6f0] Heap_lock - owner thread: 0x000001dd3ebafc50

Heap address: 0x0000000080000000, size: 2048 MB, Compressed Oops mode: 32-bit

CDS archive(s) mapped at: [0x0000000000000000-0x0000000000000000-0x0000000000000000), size 0, SharedBaseAddress: 0x0000000800000000, ArchiveRelocationMode: 1.
Narrow klass base: 0x0000000000000000, Narrow klass shift: 0, Narrow klass range: 0x0

GC Precious Log:
<Empty>

Heap:
 garbage-first heap   total 0K, used 0K [0x0000000080000000, 0x0000000100000000)
  region size 1024K, 0 young (0K), 0 survivors (0K)
 Metaspace       used 0K, committed 0K, reserved 0K
  class space    used 0K, committed 0K, reserved 0K

Heap Regions: E=young(eden), S=young(survivor), O=old, HS=humongous(starts), HC=humongous(continues), CS=collection set, F=free, OA=open archive, CA=closed archive, TAMS=top-at-mark-start (previous, next)

Card table byte_map: [0x000001dd52520000,0x000001dd52920000] _byte_map_base: 0x000001dd52120000

Marking Bits (Prev, Next): (CMBitMap*) 0x000001dd3ec0e2c0, (CMBitMap*) 0x000001dd3ec0e300
 Prev Bits: [0x000001dd52d20000, 0x000001dd54d20000)
 Next Bits: [0x000001dd54d20000, 0x000001dd56d20000)

GC Heap History (0 events):
No events

Dll operation events (1 events):
Event: 0.004 Loaded shared library C:\Program Files\JetBrains\IntelliJ IDEA 2024.1.4\jbr\bin\java.dll

Deoptimization events (0 events):
No events

Classes unloaded (0 events):
No events

Classes redefined (0 events):
No events

Internal exceptions (0 events):
No events

VM Operations (0 events):
No events

Events (0 events):
No events


Dynamic libraries:
0x00007ff691470000 - 0x00007ff69147a000 	C:\Program Files\JetBrains\IntelliJ IDEA 2024.1.4\jbr\bin\java.exe
0x00007ffc24890000 - 0x00007ffc24aa7000 	C:\Windows\SYSTEM32\ntdll.dll
0x00007ffc22ea0000 - 0x00007ffc22f64000 	C:\Windows\System32\KERNEL32.DLL
0x00007ffc21d00000 - 0x00007ffc220ad000 	C:\Windows\System32\KERNELBASE.dll
0x00007ffc222b0000 - 0x00007ffc223c1000 	C:\Windows\System32\ucrtbase.dll
0x00007ffbeaae0000 - 0x00007ffbeaaf7000 	C:\Program Files\JetBrains\IntelliJ IDEA 2024.1.4\jbr\bin\jli.dll
0x00007ffc24680000 - 0x00007ffc2482e000 	C:\Windows\System32\USER32.dll
0x00007ffc004f0000 - 0x00007ffc00783000 	C:\Windows\WinSxS\amd64_microsoft.windows.common-controls_6595b64144ccf1df_6.0.22621.3672_none_2713b9d173822955\COMCTL32.dll
0x00007ffc21cd0000 - 0x00007ffc21cf6000 	C:\Windows\System32\win32u.dll
0x00007ffc239d0000 - 0x00007ffc23a77000 	C:\Windows\System32\msvcrt.dll
0x00007ffc226c0000 - 0x00007ffc226e9000 	C:\Windows\System32\GDI32.dll
0x00007ffc21bb0000 - 0x00007ffc21cc9000 	C:\Windows\System32\gdi32full.dll
0x00007ffc22120000 - 0x00007ffc221ba000 	C:\Windows\System32\msvcp_win.dll
0x00007ffbe4650000 - 0x00007ffbe466b000 	C:\Program Files\JetBrains\IntelliJ IDEA 2024.1.4\jbr\bin\VCRUNTIME140.dll
0x00007ffc226f0000 - 0x00007ffc22721000 	C:\Windows\System32\IMM32.DLL
0x00007ffc19630000 - 0x00007ffc1963c000 	C:\Program Files\JetBrains\IntelliJ IDEA 2024.1.4\jbr\bin\vcruntime140_1.dll
0x00007ffbc9fd0000 - 0x00007ffbca05d000 	C:\Program Files\JetBrains\IntelliJ IDEA 2024.1.4\jbr\bin\msvcp140.dll
0x00007ffb7df80000 - 0x00007ffb7ec03000 	C:\Program Files\JetBrains\IntelliJ IDEA 2024.1.4\jbr\bin\server\jvm.dll
0x00007ffc23800000 - 0x00007ffc238b2000 	C:\Windows\System32\ADVAPI32.dll
0x00007ffc23920000 - 0x00007ffc239c9000 	C:\Windows\System32\sechost.dll
0x00007ffc22280000 - 0x00007ffc222a8000 	C:\Windows\System32\bcrypt.dll
0x00007ffc22a50000 - 0x00007ffc22b64000 	C:\Windows\System32\RPCRT4.dll
0x00007ffc21410000 - 0x00007ffc2145d000 	C:\Windows\SYSTEM32\POWRPROF.dll
0x00007ffbee230000 - 0x00007ffbee239000 	C:\Windows\SYSTEM32\WSOCK32.dll
0x00007ffc19510000 - 0x00007ffc19544000 	C:\Windows\SYSTEM32\WINMM.dll
0x00007ffc22730000 - 0x00007ffc227a1000 	C:\Windows\System32\WS2_32.dll
0x00007ffc1b960000 - 0x00007ffc1b96a000 	C:\Windows\SYSTEM32\VERSION.dll
0x00007ffc213f0000 - 0x00007ffc21403000 	C:\Windows\SYSTEM32\UMPDC.dll
0x00007ffc20bc0000 - 0x00007ffc20bd8000 	C:\Windows\SYSTEM32\kernel.appcore.dll
0x00007ffc19640000 - 0x00007ffc1964a000 	C:\Program Files\JetBrains\IntelliJ IDEA 2024.1.4\jbr\bin\jimage.dll
0x00007ffc1ef60000 - 0x00007ffc1f192000 	C:\Windows\SYSTEM32\DBGHELP.DLL
0x00007ffc23a80000 - 0x00007ffc23e0e000 	C:\Windows\System32\combase.dll
0x00007ffc227b0000 - 0x00007ffc22887000 	C:\Windows\System32\OLEAUT32.dll
0x00007ffbea1f0000 - 0x00007ffbea222000 	C:\Windows\SYSTEM32\dbgcore.DLL
0x00007ffc223d0000 - 0x00007ffc2244b000 	C:\Windows\System32\bcryptPrimitives.dll
0x00007ffc135e0000 - 0x00007ffc13605000 	C:\Program Files\JetBrains\IntelliJ IDEA 2024.1.4\jbr\bin\java.dll

dbghelp: loaded successfully - version: 4.0.5 - missing functions: none
symbol engine: initialized successfully - sym options: 0x614 - pdb path: .;C:\Program Files\JetBrains\IntelliJ IDEA 2024.1.4\jbr\bin;C:\Windows\SYSTEM32;C:\Windows\WinSxS\amd64_microsoft.windows.common-controls_6595b64144ccf1df_6.0.22621.3672_none_2713b9d173822955;C:\Program Files\JetBrains\IntelliJ IDEA 2024.1.4\jbr\bin\server

VM Arguments:
jvm_args: -Dorg.sqlite.tmpdir=C:\Users\Datos\AppData\Local\JetBrains\IntelliJIdea2024.1\jdbc-native-deps\Xerial SQLiteJDBC\3.45.1\sqlite-jdbc-3.45.1.0\libs -Djava.rmi.server.hostname=127.0.0.1 -Duser.timezone=UTC -Xmx2048m -Xms128m -Djdbc.classpath=C:\Program Files\JetBrains\IntelliJ IDEA 2024.1.4\plugins\DatabaseTools\lib\jdbc-console.jar;C:\Users\Datos\AppData\Roaming\JetBrains\IntelliJIdea2024.1\jdbc-drivers\Xerial SQLiteJDBC\3.45.1\org\xerial\sqlite-jdbc\3.45.1.0\sqlite-jdbc-3.45.1.0.jar;C:\Users\Datos\AppData\Roaming\JetBrains\IntelliJIdea2024.1\jdbc-drivers\Xerial SQLiteJDBC\3.45.1\org\slf4j\slf4j-api\1.7.36\slf4j-api-1.7.36.jar --add-exports=java.desktop/sun.awt=ALL-UNNAMED --add-exports=java.desktop/java.awt.peer=ALL-UNNAMED --add-opens=java.desktop/java.awt=ALL-UNNAMED --add-opens=jdk.unsupported/sun.misc=ALL-UNNAMED --add-opens=java.base/java.nio=ALL-UNNAMED --add-opens=java.base/java.util=ALL-UNNAMED -Dfile.encoding=UTF-8 
java_command: com.intellij.database.remote.RemoteJdbcServer org.sqlite.JDBC
java_class_path (initial): C:\Program Files\JetBrains\IntelliJ IDEA 2024.1.4\lib\util_rt.jar;C:\Program Files\JetBrains\IntelliJ IDEA 2024.1.4\lib\util-8.jar;C:\Program Files\JetBrains\IntelliJ IDEA 2024.1.4\lib\groovy.jar;C:\Program Files\JetBrains\IntelliJ IDEA 2024.1.4\plugins\DatabaseTools\lib\jdbc-console.jar;C:\Program Files\JetBrains\IntelliJ IDEA 2024.1.4\plugins\grid-core-impl\lib\jdbc-console-types.jar;C:\Program Files\JetBrains\IntelliJ IDEA 2024.1.4\lib\util.jar
Launcher Type: SUN_STANDARD

[Global flags]
     intx CICompilerCount                          = 12                                        {product} {ergonomic}
     uint ConcGCThreads                            = 5                                         {product} {ergonomic}
     uint G1ConcRefinementThreads                  = 18                                        {product} {ergonomic}
   size_t G1HeapRegionSize                         = 1048576                                   {product} {ergonomic}
    uintx GCDrainStackTargetSize                   = 64                                        {product} {ergonomic}
   size_t InitialHeapSize                          = 134217728                                 {product} {command line}
   size_t MarkStackSize                            = 4194304                                   {product} {ergonomic}
   size_t MaxHeapSize                              = 2147483648                                {product} {command line}
   size_t MinHeapDeltaBytes                        = 1048576                                   {product} {ergonomic}
   size_t MinHeapSize                              = 134217728                                 {product} {command line}
    uintx NonNMethodCodeHeapSize                   = 7602480                                {pd product} {ergonomic}
    uintx NonProfiledCodeHeapSize                  = 122027880                              {pd product} {ergonomic}
    uintx ProfiledCodeHeapSize                     = 122027880                              {pd product} {ergonomic}
    uintx ReservedCodeCacheSize                    = 251658240                              {pd product} {ergonomic}
     bool SegmentedCodeCache                       = true                                      {product} {ergonomic}
   size_t SoftMaxHeapSize                          = 2147483648                             {manageable} {ergonomic}
     bool UseCompressedClassPointers               = true                           {product lp64_product} {ergonomic}
     bool UseCompressedOops                        = true                           {product lp64_product} {ergonomic}
     bool UseG1GC                                  = true                                      {product} {ergonomic}
     bool UseLargePagesIndividualAllocation        = false                                  {pd product} {ergonomic}

Logging:
Log output configuration:
 #0: stdout all=warning uptime,level,tags
 #1: stderr all=off uptime,level,tags

Environment Variables:
PATH=C:\Program Files\Common Files\Oracle\Java\javapath;C:\Program Files (x86)\Common Files\Oracle\Java\javapath;C:\Windows\system32;C:\Windows;C:\Windows\System32\Wbem;C:\Windows\System32\WindowsPowerShell\v1.0\;C:\Windows\System32\OpenSSH\;C:\Program Files\dotnet\;C:\Program Files\MiKTeX\miktex\bin\x64\;C:\Program Files\Git\cmd;C:\Program Files (x86)\Windows Kits\10\Windows Performance Toolkit\;C:\Program Files\apache-maven-3.9.8\bin;C:\Program Files\nodejs\;C:\Users\Datos\AppData\Local\Programs\Python\Python312\Scripts\;C:\Users\Datos\AppData\Local\Programs\Python\Python312\;C:\Users\Datos\AppData\Local\Programs\Python\Launcher\;C:\Users\Datos\AppData\Local\Microsoft\WindowsApps;C:\Users\Datos\AppData\Local\Programs\Microsoft VS Code\bin;C:\Users\Datos\AppData\Roaming\npm
USERNAME=Datos
OS=Windows_NT
PROCESSOR_IDENTIFIER=Intel64 Family 6 Model 183 Stepping 1, GenuineIntel
TMP=C:\Users\Datos\AppData\Local\Temp
TEMP=C:\Users\Datos\AppData\Local\Temp



Periodic native trim disabled

JNI global refs:
JNI global refs: 0, weak refs: 0

JNI global refs memory usage: 0, weak refs: 0

Process memory usage:
Resident Set Size: 11844K (0% of 16458476K total physical memory with 4363160K free physical memory)

OOME stack traces (most recent first):
Classloader memory used:


---------------  S Y S T E M  ---------------

OS:
 Windows 11 , 64 bit Build 22621 (10.0.22621.3958)
OS uptime: 11 days 0:15 hours
Hyper-V role detected

CPU: total 24 (initial active 24) (12 cores per cpu, 2 threads per core) family 6 model 183 stepping 1 microcode 0x10f, cx8, cmov, fxsr, ht, mmx, 3dnowpref, sse, sse2, sse3, ssse3, sse4.1, sse4.2, popcnt, lzcnt, tsc, tscinvbit, avx, avx2, aes, erms, clmul, bmi1, bmi2, adx, sha, fma, vzeroupper, clflush, clflushopt, clwb, hv
Processor Information for all 24 processors :
  Max Mhz: 2100, Current Mhz: 2100, Mhz Limit: 2100

Memory: 4k page, system-wide physical 16072M (4260M free)
TotalPageFile size 63857M (AvailPageFile size 42M)
current process WorkingSet (physical memory assigned to process): 11M, peak: 11M
current process commit charge ("private bytes"): 81M, peak: 209M

vm_info: OpenJDK 64-Bit Server VM (17.0.11+1-b1207.24) for windows-amd64 JRE (17.0.11+1-b1207.24), built on 2024-05-15 by "builduser" with MS VC++ 16.10 / 16.11 (VS2019)

END.
